Partition Merge report for POV_GLOBE
Thu Jun 13 22:22:23 2019
Quartus Prime Version 16.1.0 Build 196 10/24/2016 SJ Lite Edition


---------------------
; Table of Contents ;
---------------------
  1. Legal Notice
  2. Partition Merge Summary
  3. Partition Merge Netlist Types Used
  4. Partition Merge Partition Statistics
  5. Partition Merge Partition Pin Processing
  6. Partition Merge Resource Usage Summary
  7. Partition Merge RAM Summary
  8. Partition Merge Messages



----------------
; Legal Notice ;
----------------
Copyright (C) 2016  Intel Corporation. All rights reserved.
Your use of Intel Corporation's design tools, logic functions 
and other software and tools, and its AMPP partner logic 
functions, and any output files from any of the foregoing 
(including device programming or simulation files), and any 
associated documentation or information are expressly subject 
to the terms and conditions of the Intel Program License 
Subscription Agreement, the Intel Quartus Prime License Agreement,
the Intel MegaCore Function License Agreement, or other 
applicable license agreement, including, without limitation, 
that your use is for the sole purpose of programming logic 
devices manufactured by Intel and sold by Intel or its 
authorized distributors.  Please refer to the applicable 
agreement for further details.



+----------------------------------------------------------------------------------+
; Partition Merge Summary                                                          ;
+------------------------------------+---------------------------------------------+
; Partition Merge Status             ; Successful - Thu Jun 13 22:22:23 2019       ;
; Quartus Prime Version              ; 16.1.0 Build 196 10/24/2016 SJ Lite Edition ;
; Revision Name                      ; POV_GLOBE                                   ;
; Top-level Entity Name              ; POV_GLOBE                                   ;
; Family                             ; Cyclone IV E                                ;
; Total logic elements               ; 197                                         ;
;     Total combinational functions  ; 146                                         ;
;     Dedicated logic registers      ; 116                                         ;
; Total registers                    ; 116                                         ;
; Total pins                         ; 84                                          ;
; Total virtual pins                 ; 0                                           ;
; Total memory bits                  ; 888                                         ;
; Embedded Multiplier 9-bit elements ; 0                                           ;
; Total PLLs                         ; 0                                           ;
+------------------------------------+---------------------------------------------+


+-------------------------------------------------------------------------------------------------------------------------------+
; Partition Merge Netlist Types Used                                                                                            ;
+--------------------------------+----------------+-------------------+------------------------+--------------------------------+
; Partition Name                 ; Partition Type ; Netlist Type Used ; Netlist Type Requested ; Partition Contents             ;
+--------------------------------+----------------+-------------------+------------------------+--------------------------------+
; Top                            ; User-created   ; Source File       ; Source File            ;                                ;
; hard_block:auto_generated_inst ; Auto-generated ; Source File       ; Source File            ; hard_block:auto_generated_inst ;
+--------------------------------+----------------+-------------------+------------------------+--------------------------------+


+-------------------------------------------------------------------------------------+
; Partition Merge Partition Statistics                                                ;
+---------------------------------------------+------+--------------------------------+
; Statistic                                   ; Top  ; hard_block:auto_generated_inst ;
+---------------------------------------------+------+--------------------------------+
; Estimated Total logic elements              ; 197  ; 0                              ;
;                                             ;      ;                                ;
; Total combinational functions               ; 146  ; 0                              ;
; Logic element usage by number of LUT inputs ;      ;                                ;
;     -- 4 input functions                    ; 81   ; 0                              ;
;     -- 3 input functions                    ; 24   ; 0                              ;
;     -- <=2 input functions                  ; 41   ; 0                              ;
;                                             ;      ;                                ;
; Logic elements by mode                      ;      ;                                ;
;     -- normal mode                          ; 113  ; 0                              ;
;     -- arithmetic mode                      ; 33   ; 0                              ;
;                                             ;      ;                                ;
; Total registers                             ; 116  ; 0                              ;
;     -- Dedicated logic registers            ; 116  ; 0                              ;
;     -- I/O registers                        ; 0    ; 0                              ;
;                                             ;      ;                                ;
; Virtual pins                                ; 0    ; 0                              ;
; I/O pins                                    ; 84   ; 0                              ;
; Embedded Multiplier 9-bit elements          ; 0    ; 0                              ;
; Total memory bits                           ; 888  ; 0                              ;
; Total RAM block bits                        ; 0    ; 0                              ;
;                                             ;      ;                                ;
; Connections                                 ;      ;                                ;
;     -- Input Connections                    ; 30   ; 0                              ;
;     -- Registered Input Connections         ; 0    ; 0                              ;
;     -- Output Connections                   ; 30   ; 0                              ;
;     -- Registered Output Connections        ; 0    ; 0                              ;
;                                             ;      ;                                ;
; Internal Connections                        ;      ;                                ;
;     -- Total Connections                    ; 1122 ; 0                              ;
;     -- Registered Connections               ; 450  ; 0                              ;
;                                             ;      ;                                ;
; External Connections                        ;      ;                                ;
;     -- Top                                  ; 60   ; 0                              ;
;     -- hard_block:auto_generated_inst       ; 0    ; 0                              ;
;                                             ;      ;                                ;
; Partition Interface                         ;      ;                                ;
;     -- Input Ports                          ; 14   ; 0                              ;
;     -- Output Ports                         ; 40   ; 0                              ;
;     -- Bidir Ports                          ; 30   ; 0                              ;
;                                             ;      ;                                ;
; Registered Ports                            ;      ;                                ;
;     -- Registered Input Ports               ; 0    ; 0                              ;
;     -- Registered Output Ports              ; 0    ; 0                              ;
;                                             ;      ;                                ;
; Port Connectivity                           ;      ;                                ;
;     -- Input Ports driven by GND            ; 0    ; 0                              ;
;     -- Output Ports driven by GND           ; 0    ; 0                              ;
;     -- Input Ports driven by VCC            ; 0    ; 0                              ;
;     -- Output Ports driven by VCC           ; 0    ; 0                              ;
;     -- Input Ports with no Source           ; 0    ; 0                              ;
;     -- Output Ports with no Source          ; 0    ; 0                              ;
;     -- Input Ports with no Fanout           ; 0    ; 0                              ;
;     -- Output Ports with no Fanout          ; 0    ; 0                              ;
+---------------------------------------------+------+--------------------------------+
Note: Resource usage numbers presented for Partitions containing post-synthesis logic are estimates.  For Partitions containing post-fit logic, resource usage numbers are accurate based on previous placement information.  Actual Fitter results may vary depending on current Fitter Preservation Level assignments.


+-----------------------------------------------------------------------------------------------------------------+
; Partition Merge Partition Pin Processing                                                                        ;
+-----------------------------+-----------+---------------+----------+--------------------------------------------+
; Name                        ; Partition ; Type          ; Location ; Status                                     ;
+-----------------------------+-----------+---------------+----------+--------------------------------------------+
; ADC_CS_N                    ; Top       ; Output Port   ; n/a      ;                                            ;
;     -- ADC_CS_N             ; Top       ; Output Pad    ; Unplaced ; Synthesized                                ;
;     -- ADC_CS_N~output      ; Top       ; Output Buffer ; Unplaced ; Synthesized                                ;
;                             ;           ;               ;          ;                                            ;
; ADC_SADDR                   ; Top       ; Output Port   ; n/a      ;                                            ;
;     -- ADC_SADDR            ; Top       ; Output Pad    ; Unplaced ; Synthesized                                ;
;     -- ADC_SADDR~output     ; Top       ; Output Buffer ; Unplaced ; Synthesized                                ;
;                             ;           ;               ;          ;                                            ;
; ADC_SCLK                    ; Top       ; Output Port   ; n/a      ;                                            ;
;     -- ADC_SCLK             ; Top       ; Output Pad    ; Unplaced ; Synthesized                                ;
;     -- ADC_SCLK~output      ; Top       ; Output Buffer ; Unplaced ; Synthesized                                ;
;                             ;           ;               ;          ;                                            ;
; ADC_SDAT                    ; Top       ; Input Port    ; n/a      ;                                            ;
;     -- ADC_SDAT             ; Top       ; Input Pad     ; Unplaced ; Synthesized                                ;
;     -- ADC_SDAT~input       ; Top       ; Input Buffer  ; Unplaced ; Synthesized                                ;
;                             ;           ;               ;          ;                                            ;
; CLOCK_50                    ; Top       ; Input Port    ; n/a      ;                                            ;
;     -- CLOCK_50             ; Top       ; Input Pad     ; Unplaced ; Synthesized                                ;
;     -- CLOCK_50~input       ; Top       ; Input Buffer  ; Unplaced ; Synthesized                                ;
;                             ;           ;               ;          ;                                            ;
; DRAM_ADDR[0]                ; Top       ; Output Port   ; n/a      ;                                            ;
;     -- DRAM_ADDR[0]         ; Top       ; Output Pad    ; Unplaced ; Synthesized                                ;
;     -- DRAM_ADDR[0]~output  ; Top       ; Output Buffer ; Unplaced ; Synthesized                                ;
;                             ;           ;               ;          ;                                            ;
; DRAM_ADDR[10]               ; Top       ; Output Port   ; n/a      ;                                            ;
;     -- DRAM_ADDR[10]        ; Top       ; Output Pad    ; Unplaced ; Synthesized                                ;
;     -- DRAM_ADDR[10]~output ; Top       ; Output Buffer ; Unplaced ; Synthesized                                ;
;                             ;           ;               ;          ;                                            ;
; DRAM_ADDR[11]               ; Top       ; Output Port   ; n/a      ;                                            ;
;     -- DRAM_ADDR[11]        ; Top       ; Output Pad    ; Unplaced ; Synthesized                                ;
;     -- DRAM_ADDR[11]~output ; Top       ; Output Buffer ; Unplaced ; Synthesized                                ;
;                             ;           ;               ;          ;                                            ;
; DRAM_ADDR[12]               ; Top       ; Output Port   ; n/a      ;                                            ;
;     -- DRAM_ADDR[12]        ; Top       ; Output Pad    ; Unplaced ; Synthesized                                ;
;     -- DRAM_ADDR[12]~output ; Top       ; Output Buffer ; Unplaced ; Synthesized                                ;
;                             ;           ;               ;          ;                                            ;
; DRAM_ADDR[1]                ; Top       ; Output Port   ; n/a      ;                                            ;
;     -- DRAM_ADDR[1]         ; Top       ; Output Pad    ; Unplaced ; Synthesized                                ;
;     -- DRAM_ADDR[1]~output  ; Top       ; Output Buffer ; Unplaced ; Synthesized                                ;
;                             ;           ;               ;          ;                                            ;
; DRAM_ADDR[2]                ; Top       ; Output Port   ; n/a      ;                                            ;
;     -- DRAM_ADDR[2]         ; Top       ; Output Pad    ; Unplaced ; Synthesized                                ;
;     -- DRAM_ADDR[2]~output  ; Top       ; Output Buffer ; Unplaced ; Synthesized                                ;
;                             ;           ;               ;          ;                                            ;
; DRAM_ADDR[3]                ; Top       ; Output Port   ; n/a      ;                                            ;
;     -- DRAM_ADDR[3]         ; Top       ; Output Pad    ; Unplaced ; Synthesized                                ;
;     -- DRAM_ADDR[3]~output  ; Top       ; Output Buffer ; Unplaced ; Synthesized                                ;
;                             ;           ;               ;          ;                                            ;
; DRAM_ADDR[4]                ; Top       ; Output Port   ; n/a      ;                                            ;
;     -- DRAM_ADDR[4]         ; Top       ; Output Pad    ; Unplaced ; Synthesized                                ;
;     -- DRAM_ADDR[4]~output  ; Top       ; Output Buffer ; Unplaced ; Synthesized                                ;
;                             ;           ;               ;          ;                                            ;
; DRAM_ADDR[5]                ; Top       ; Output Port   ; n/a      ;                                            ;
;     -- DRAM_ADDR[5]         ; Top       ; Output Pad    ; Unplaced ; Synthesized                                ;
;     -- DRAM_ADDR[5]~output  ; Top       ; Output Buffer ; Unplaced ; Synthesized                                ;
;                             ;           ;               ;          ;                                            ;
; DRAM_ADDR[6]                ; Top       ; Output Port   ; n/a      ;                                            ;
;     -- DRAM_ADDR[6]         ; Top       ; Output Pad    ; Unplaced ; Synthesized                                ;
;     -- DRAM_ADDR[6]~output  ; Top       ; Output Buffer ; Unplaced ; Synthesized                                ;
;                             ;           ;               ;          ;                                            ;
; DRAM_ADDR[7]                ; Top       ; Output Port   ; n/a      ;                                            ;
;     -- DRAM_ADDR[7]         ; Top       ; Output Pad    ; Unplaced ; Synthesized                                ;
;     -- DRAM_ADDR[7]~output  ; Top       ; Output Buffer ; Unplaced ; Synthesized                                ;
;                             ;           ;               ;          ;                                            ;
; DRAM_ADDR[8]                ; Top       ; Output Port   ; n/a      ;                                            ;
;     -- DRAM_ADDR[8]         ; Top       ; Output Pad    ; Unplaced ; Synthesized                                ;
;     -- DRAM_ADDR[8]~output  ; Top       ; Output Buffer ; Unplaced ; Synthesized                                ;
;                             ;           ;               ;          ;                                            ;
; DRAM_ADDR[9]                ; Top       ; Output Port   ; n/a      ;                                            ;
;     -- DRAM_ADDR[9]         ; Top       ; Output Pad    ; Unplaced ; Synthesized                                ;
;     -- DRAM_ADDR[9]~output  ; Top       ; Output Buffer ; Unplaced ; Synthesized                                ;
;                             ;           ;               ;          ;                                            ;
; DRAM_BA[0]                  ; Top       ; Output Port   ; n/a      ;                                            ;
;     -- DRAM_BA[0]           ; Top       ; Output Pad    ; Unplaced ; Synthesized                                ;
;     -- DRAM_BA[0]~output    ; Top       ; Output Buffer ; Unplaced ; Synthesized                                ;
;                             ;           ;               ;          ;                                            ;
; DRAM_BA[1]                  ; Top       ; Output Port   ; n/a      ;                                            ;
;     -- DRAM_BA[1]           ; Top       ; Output Pad    ; Unplaced ; Synthesized                                ;
;     -- DRAM_BA[1]~output    ; Top       ; Output Buffer ; Unplaced ; Synthesized                                ;
;                             ;           ;               ;          ;                                            ;
; DRAM_CAS_N                  ; Top       ; Output Port   ; n/a      ;                                            ;
;     -- DRAM_CAS_N           ; Top       ; Output Pad    ; Unplaced ; Synthesized                                ;
;     -- DRAM_CAS_N~output    ; Top       ; Output Buffer ; Unplaced ; Synthesized                                ;
;                             ;           ;               ;          ;                                            ;
; DRAM_CKE                    ; Top       ; Output Port   ; n/a      ;                                            ;
;     -- DRAM_CKE             ; Top       ; Output Pad    ; Unplaced ; Synthesized                                ;
;     -- DRAM_CKE~output      ; Top       ; Output Buffer ; Unplaced ; Synthesized                                ;
;                             ;           ;               ;          ;                                            ;
; DRAM_CLK                    ; Top       ; Output Port   ; n/a      ;                                            ;
;     -- DRAM_CLK             ; Top       ; Output Pad    ; Unplaced ; Synthesized                                ;
;     -- DRAM_CLK~output      ; Top       ; Output Buffer ; Unplaced ; Synthesized                                ;
;                             ;           ;               ;          ;                                            ;
; DRAM_CS_N                   ; Top       ; Output Port   ; n/a      ;                                            ;
;     -- DRAM_CS_N            ; Top       ; Output Pad    ; Unplaced ; Synthesized                                ;
;     -- DRAM_CS_N~output     ; Top       ; Output Buffer ; Unplaced ; Synthesized                                ;
;                             ;           ;               ;          ;                                            ;
; DRAM_DQM[0]                 ; Top       ; Output Port   ; n/a      ;                                            ;
;     -- DRAM_DQM[0]          ; Top       ; Output Pad    ; Unplaced ; Synthesized                                ;
;     -- DRAM_DQM[0]~output   ; Top       ; Output Buffer ; Unplaced ; Synthesized                                ;
;                             ;           ;               ;          ;                                            ;
; DRAM_DQM[1]                 ; Top       ; Output Port   ; n/a      ;                                            ;
;     -- DRAM_DQM[1]          ; Top       ; Output Pad    ; Unplaced ; Synthesized                                ;
;     -- DRAM_DQM[1]~output   ; Top       ; Output Buffer ; Unplaced ; Synthesized                                ;
;                             ;           ;               ;          ;                                            ;
; DRAM_DQ[0]                  ; Top       ; Bidir Port    ; n/a      ;                                            ;
;     -- DRAM_DQ[0]           ; Top       ; Bidir Pad     ; Unplaced ; Synthesized                                ;
;     -- DRAM_DQ[0]~output    ; Top       ; Output Buffer ; Unplaced ; Preserved from Synthesis Netlist (WYSIWYG) ;
;                             ;           ;               ;          ;                                            ;
; DRAM_DQ[10]                 ; Top       ; Bidir Port    ; n/a      ;                                            ;
;     -- DRAM_DQ[10]          ; Top       ; Bidir Pad     ; Unplaced ; Synthesized                                ;
;     -- DRAM_DQ[10]~output   ; Top       ; Output Buffer ; Unplaced ; Preserved from Synthesis Netlist (WYSIWYG) ;
;                             ;           ;               ;          ;                                            ;
; DRAM_DQ[11]                 ; Top       ; Bidir Port    ; n/a      ;                                            ;
;     -- DRAM_DQ[11]          ; Top       ; Bidir Pad     ; Unplaced ; Synthesized                                ;
;     -- DRAM_DQ[11]~output   ; Top       ; Output Buffer ; Unplaced ; Preserved from Synthesis Netlist (WYSIWYG) ;
;                             ;           ;               ;          ;                                            ;
; DRAM_DQ[12]                 ; Top       ; Bidir Port    ; n/a      ;                                            ;
;     -- DRAM_DQ[12]          ; Top       ; Bidir Pad     ; Unplaced ; Synthesized                                ;
;     -- DRAM_DQ[12]~output   ; Top       ; Output Buffer ; Unplaced ; Preserved from Synthesis Netlist (WYSIWYG) ;
;                             ;           ;               ;          ;                                            ;
; DRAM_DQ[13]                 ; Top       ; Bidir Port    ; n/a      ;                                            ;
;     -- DRAM_DQ[13]          ; Top       ; Bidir Pad     ; Unplaced ; Synthesized                                ;
;     -- DRAM_DQ[13]~output   ; Top       ; Output Buffer ; Unplaced ; Preserved from Synthesis Netlist (WYSIWYG) ;
;                             ;           ;               ;          ;                                            ;
; DRAM_DQ[14]                 ; Top       ; Bidir Port    ; n/a      ;                                            ;
;     -- DRAM_DQ[14]          ; Top       ; Bidir Pad     ; Unplaced ; Synthesized                                ;
;     -- DRAM_DQ[14]~output   ; Top       ; Output Buffer ; Unplaced ; Preserved from Synthesis Netlist (WYSIWYG) ;
;                             ;           ;               ;          ;                                            ;
; DRAM_DQ[15]                 ; Top       ; Bidir Port    ; n/a      ;                                            ;
;     -- DRAM_DQ[15]          ; Top       ; Bidir Pad     ; Unplaced ; Synthesized                                ;
;     -- DRAM_DQ[15]~output   ; Top       ; Output Buffer ; Unplaced ; Preserved from Synthesis Netlist (WYSIWYG) ;
;                             ;           ;               ;          ;                                            ;
; DRAM_DQ[1]                  ; Top       ; Bidir Port    ; n/a      ;                                            ;
;     -- DRAM_DQ[1]           ; Top       ; Bidir Pad     ; Unplaced ; Synthesized                                ;
;     -- DRAM_DQ[1]~output    ; Top       ; Output Buffer ; Unplaced ; Preserved from Synthesis Netlist (WYSIWYG) ;
;                             ;           ;               ;          ;                                            ;
; DRAM_DQ[2]                  ; Top       ; Bidir Port    ; n/a      ;                                            ;
;     -- DRAM_DQ[2]           ; Top       ; Bidir Pad     ; Unplaced ; Synthesized                                ;
;     -- DRAM_DQ[2]~output    ; Top       ; Output Buffer ; Unplaced ; Preserved from Synthesis Netlist (WYSIWYG) ;
;                             ;           ;               ;          ;                                            ;
; DRAM_DQ[3]                  ; Top       ; Bidir Port    ; n/a      ;                                            ;
;     -- DRAM_DQ[3]           ; Top       ; Bidir Pad     ; Unplaced ; Synthesized                                ;
;     -- DRAM_DQ[3]~output    ; Top       ; Output Buffer ; Unplaced ; Preserved from Synthesis Netlist (WYSIWYG) ;
;                             ;           ;               ;          ;                                            ;
; DRAM_DQ[4]                  ; Top       ; Bidir Port    ; n/a      ;                                            ;
;     -- DRAM_DQ[4]           ; Top       ; Bidir Pad     ; Unplaced ; Synthesized                                ;
;     -- DRAM_DQ[4]~output    ; Top       ; Output Buffer ; Unplaced ; Preserved from Synthesis Netlist (WYSIWYG) ;
;                             ;           ;               ;          ;                                            ;
; DRAM_DQ[5]                  ; Top       ; Bidir Port    ; n/a      ;                                            ;
;     -- DRAM_DQ[5]           ; Top       ; Bidir Pad     ; Unplaced ; Synthesized                                ;
;     -- DRAM_DQ[5]~output    ; Top       ; Output Buffer ; Unplaced ; Preserved from Synthesis Netlist (WYSIWYG) ;
;                             ;           ;               ;          ;                                            ;
; DRAM_DQ[6]                  ; Top       ; Bidir Port    ; n/a      ;                                            ;
;     -- DRAM_DQ[6]           ; Top       ; Bidir Pad     ; Unplaced ; Synthesized                                ;
;     -- DRAM_DQ[6]~output    ; Top       ; Output Buffer ; Unplaced ; Preserved from Synthesis Netlist (WYSIWYG) ;
;                             ;           ;               ;          ;                                            ;
; DRAM_DQ[7]                  ; Top       ; Bidir Port    ; n/a      ;                                            ;
;     -- DRAM_DQ[7]           ; Top       ; Bidir Pad     ; Unplaced ; Synthesized                                ;
;     -- DRAM_DQ[7]~output    ; Top       ; Output Buffer ; Unplaced ; Preserved from Synthesis Netlist (WYSIWYG) ;
;                             ;           ;               ;          ;                                            ;
; DRAM_DQ[8]                  ; Top       ; Bidir Port    ; n/a      ;                                            ;
;     -- DRAM_DQ[8]           ; Top       ; Bidir Pad     ; Unplaced ; Synthesized                                ;
;     -- DRAM_DQ[8]~output    ; Top       ; Output Buffer ; Unplaced ; Preserved from Synthesis Netlist (WYSIWYG) ;
;                             ;           ;               ;          ;                                            ;
; DRAM_DQ[9]                  ; Top       ; Bidir Port    ; n/a      ;                                            ;
;     -- DRAM_DQ[9]           ; Top       ; Bidir Pad     ; Unplaced ; Synthesized                                ;
;     -- DRAM_DQ[9]~output    ; Top       ; Output Buffer ; Unplaced ; Preserved from Synthesis Netlist (WYSIWYG) ;
;                             ;           ;               ;          ;                                            ;
; DRAM_RAS_N                  ; Top       ; Output Port   ; n/a      ;                                            ;
;     -- DRAM_RAS_N           ; Top       ; Output Pad    ; Unplaced ; Synthesized                                ;
;     -- DRAM_RAS_N~output    ; Top       ; Output Buffer ; Unplaced ; Synthesized                                ;
;                             ;           ;               ;          ;                                            ;
; DRAM_WE_N                   ; Top       ; Output Port   ; n/a      ;                                            ;
;     -- DRAM_WE_N            ; Top       ; Output Pad    ; Unplaced ; Synthesized                                ;
;     -- DRAM_WE_N~output     ; Top       ; Output Buffer ; Unplaced ; Synthesized                                ;
;                             ;           ;               ;          ;                                            ;
; Data_in                     ; Top       ; Input Port    ; n/a      ;                                            ;
;     -- Data_in              ; Top       ; Input Pad     ; Unplaced ; Synthesized                                ;
;     -- Data_in~input        ; Top       ; Input Buffer  ; Unplaced ; Synthesized                                ;
;                             ;           ;               ;          ;                                            ;
; Data_out                    ; Top       ; Output Port   ; n/a      ;                                            ;
;     -- Data_out             ; Top       ; Output Pad    ; Unplaced ; Synthesized                                ;
;     -- Data_out~output      ; Top       ; Output Buffer ; Unplaced ; Synthesized                                ;
;                             ;           ;               ;          ;                                            ;
; EPCS_ASDO                   ; Top       ; Output Port   ; n/a      ;                                            ;
;     -- EPCS_ASDO            ; Top       ; Output Pad    ; Unplaced ; Synthesized                                ;
;     -- EPCS_ASDO~output     ; Top       ; Output Buffer ; Unplaced ; Synthesized                                ;
;                             ;           ;               ;          ;                                            ;
; EPCS_DATA0                  ; Top       ; Input Port    ; n/a      ;                                            ;
;     -- EPCS_DATA0           ; Top       ; Input Pad     ; Unplaced ; Synthesized                                ;
;     -- EPCS_DATA0~input     ; Top       ; Input Buffer  ; Unplaced ; Synthesized                                ;
;                             ;           ;               ;          ;                                            ;
; EPCS_DCLK                   ; Top       ; Output Port   ; n/a      ;                                            ;
;     -- EPCS_DCLK            ; Top       ; Output Pad    ; Unplaced ; Synthesized                                ;
;     -- EPCS_DCLK~output     ; Top       ; Output Buffer ; Unplaced ; Synthesized                                ;
;                             ;           ;               ;          ;                                            ;
; EPCS_NCSO                   ; Top       ; Output Port   ; n/a      ;                                            ;
;     -- EPCS_NCSO            ; Top       ; Output Pad    ; Unplaced ; Synthesized                                ;
;     -- EPCS_NCSO~output     ; Top       ; Output Buffer ; Unplaced ; Synthesized                                ;
;                             ;           ;               ;          ;                                            ;
; GPIO_2[0]                   ; Top       ; Bidir Port    ; n/a      ;                                            ;
;     -- GPIO_2[0]            ; Top       ; Bidir Pad     ; Unplaced ; Synthesized                                ;
;     -- GPIO_2[0]~output     ; Top       ; Output Buffer ; Unplaced ; Preserved from Synthesis Netlist (WYSIWYG) ;
;                             ;           ;               ;          ;                                            ;
; GPIO_2[10]                  ; Top       ; Bidir Port    ; n/a      ;                                            ;
;     -- GPIO_2[10]           ; Top       ; Bidir Pad     ; Unplaced ; Synthesized                                ;
;     -- GPIO_2[10]~output    ; Top       ; Output Buffer ; Unplaced ; Preserved from Synthesis Netlist (WYSIWYG) ;
;                             ;           ;               ;          ;                                            ;
; GPIO_2[11]                  ; Top       ; Bidir Port    ; n/a      ;                                            ;
;     -- GPIO_2[11]           ; Top       ; Bidir Pad     ; Unplaced ; Synthesized                                ;
;     -- GPIO_2[11]~output    ; Top       ; Output Buffer ; Unplaced ; Preserved from Synthesis Netlist (WYSIWYG) ;
;                             ;           ;               ;          ;                                            ;
; GPIO_2[12]                  ; Top       ; Bidir Port    ; n/a      ;                                            ;
;     -- GPIO_2[12]           ; Top       ; Bidir Pad     ; Unplaced ; Synthesized                                ;
;     -- GPIO_2[12]~output    ; Top       ; Output Buffer ; Unplaced ; Preserved from Synthesis Netlist (WYSIWYG) ;
;                             ;           ;               ;          ;                                            ;
; GPIO_2[1]                   ; Top       ; Bidir Port    ; n/a      ;                                            ;
;     -- GPIO_2[1]            ; Top       ; Bidir Pad     ; Unplaced ; Synthesized                                ;
;     -- GPIO_2[1]~output     ; Top       ; Output Buffer ; Unplaced ; Preserved from Synthesis Netlist (WYSIWYG) ;
;                             ;           ;               ;          ;                                            ;
; GPIO_2[2]                   ; Top       ; Bidir Port    ; n/a      ;                                            ;
;     -- GPIO_2[2]            ; Top       ; Bidir Pad     ; Unplaced ; Synthesized                                ;
;     -- GPIO_2[2]~output     ; Top       ; Output Buffer ; Unplaced ; Preserved from Synthesis Netlist (WYSIWYG) ;
;                             ;           ;               ;          ;                                            ;
; GPIO_2[3]                   ; Top       ; Bidir Port    ; n/a      ;                                            ;
;     -- GPIO_2[3]            ; Top       ; Bidir Pad     ; Unplaced ; Synthesized                                ;
;     -- GPIO_2[3]~output     ; Top       ; Output Buffer ; Unplaced ; Preserved from Synthesis Netlist (WYSIWYG) ;
;                             ;           ;               ;          ;                                            ;
; GPIO_2[4]                   ; Top       ; Bidir Port    ; n/a      ;                                            ;
;     -- GPIO_2[4]            ; Top       ; Bidir Pad     ; Unplaced ; Synthesized                                ;
;     -- GPIO_2[4]~output     ; Top       ; Output Buffer ; Unplaced ; Preserved from Synthesis Netlist (WYSIWYG) ;
;                             ;           ;               ;          ;                                            ;
; GPIO_2[5]                   ; Top       ; Bidir Port    ; n/a      ;                                            ;
;     -- GPIO_2[5]            ; Top       ; Bidir Pad     ; Unplaced ; Synthesized                                ;
;     -- GPIO_2[5]~output     ; Top       ; Output Buffer ; Unplaced ; Preserved from Synthesis Netlist (WYSIWYG) ;
;                             ;           ;               ;          ;                                            ;
; GPIO_2[6]                   ; Top       ; Bidir Port    ; n/a      ;                                            ;
;     -- GPIO_2[6]            ; Top       ; Bidir Pad     ; Unplaced ; Synthesized                                ;
;     -- GPIO_2[6]~output     ; Top       ; Output Buffer ; Unplaced ; Preserved from Synthesis Netlist (WYSIWYG) ;
;                             ;           ;               ;          ;                                            ;
; GPIO_2[7]                   ; Top       ; Bidir Port    ; n/a      ;                                            ;
;     -- GPIO_2[7]            ; Top       ; Bidir Pad     ; Unplaced ; Synthesized                                ;
;     -- GPIO_2[7]~output     ; Top       ; Output Buffer ; Unplaced ; Preserved from Synthesis Netlist (WYSIWYG) ;
;                             ;           ;               ;          ;                                            ;
; GPIO_2[8]                   ; Top       ; Bidir Port    ; n/a      ;                                            ;
;     -- GPIO_2[8]            ; Top       ; Bidir Pad     ; Unplaced ; Synthesized                                ;
;     -- GPIO_2[8]~output     ; Top       ; Output Buffer ; Unplaced ; Preserved from Synthesis Netlist (WYSIWYG) ;
;                             ;           ;               ;          ;                                            ;
; GPIO_2[9]                   ; Top       ; Bidir Port    ; n/a      ;                                            ;
;     -- GPIO_2[9]            ; Top       ; Bidir Pad     ; Unplaced ; Synthesized                                ;
;     -- GPIO_2[9]~output     ; Top       ; Output Buffer ; Unplaced ; Preserved from Synthesis Netlist (WYSIWYG) ;
;                             ;           ;               ;          ;                                            ;
; GPIO_2_IN[0]                ; Top       ; Input Port    ; n/a      ;                                            ;
;     -- GPIO_2_IN[0]         ; Top       ; Input Pad     ; Unplaced ; Synthesized                                ;
;     -- GPIO_2_IN[0]~input   ; Top       ; Input Buffer  ; Unplaced ; Synthesized                                ;
;                             ;           ;               ;          ;                                            ;
; GPIO_2_IN[1]                ; Top       ; Input Port    ; n/a      ;                                            ;
;     -- GPIO_2_IN[1]         ; Top       ; Input Pad     ; Unplaced ; Synthesized                                ;
;     -- GPIO_2_IN[1]~input   ; Top       ; Input Buffer  ; Unplaced ; Synthesized                                ;
;                             ;           ;               ;          ;                                            ;
; GPIO_2_IN[2]                ; Top       ; Input Port    ; n/a      ;                                            ;
;     -- GPIO_2_IN[2]         ; Top       ; Input Pad     ; Unplaced ; Synthesized                                ;
;     -- GPIO_2_IN[2]~input   ; Top       ; Input Buffer  ; Unplaced ; Synthesized                                ;
;                             ;           ;               ;          ;                                            ;
; G_SENSOR_CS_N               ; Top       ; Output Port   ; n/a      ;                                            ;
;     -- G_SENSOR_CS_N        ; Top       ; Output Pad    ; Unplaced ; Synthesized                                ;
;     -- G_SENSOR_CS_N~output ; Top       ; Output Buffer ; Unplaced ; Synthesized                                ;
;                             ;           ;               ;          ;                                            ;
; G_SENSOR_INT                ; Top       ; Input Port    ; n/a      ;                                            ;
;     -- G_SENSOR_INT         ; Top       ; Input Pad     ; Unplaced ; Synthesized                                ;
;     -- G_SENSOR_INT~input   ; Top       ; Input Buffer  ; Unplaced ; Synthesized                                ;
;                             ;           ;               ;          ;                                            ;
; I2C_SCLK                    ; Top       ; Output Port   ; n/a      ;                                            ;
;     -- I2C_SCLK             ; Top       ; Output Pad    ; Unplaced ; Synthesized                                ;
;     -- I2C_SCLK~output      ; Top       ; Output Buffer ; Unplaced ; Synthesized                                ;
;                             ;           ;               ;          ;                                            ;
; I2C_SDAT                    ; Top       ; Bidir Port    ; n/a      ;                                            ;
;     -- I2C_SDAT             ; Top       ; Bidir Pad     ; Unplaced ; Synthesized                                ;
;     -- I2C_SDAT~output      ; Top       ; Output Buffer ; Unplaced ; Preserved from Synthesis Netlist (WYSIWYG) ;
;                             ;           ;               ;          ;                                            ;
; KEY[0]                      ; Top       ; Input Port    ; n/a      ;                                            ;
;     -- KEY[0]               ; Top       ; Input Pad     ; Unplaced ; Synthesized                                ;
;     -- KEY[0]~input         ; Top       ; Input Buffer  ; Unplaced ; Synthesized                                ;
;                             ;           ;               ;          ;                                            ;
; KEY[1]                      ; Top       ; Input Port    ; n/a      ;                                            ;
;     -- KEY[1]               ; Top       ; Input Pad     ; Unplaced ; Synthesized                                ;
;     -- KEY[1]~input         ; Top       ; Input Buffer  ; Unplaced ; Synthesized                                ;
;                             ;           ;               ;          ;                                            ;
; LED[0]                      ; Top       ; Output Port   ; n/a      ;                                            ;
;     -- LED[0]               ; Top       ; Output Pad    ; Unplaced ; Synthesized                                ;
;     -- LED[0]~output        ; Top       ; Output Buffer ; Unplaced ; Synthesized                                ;
;                             ;           ;               ;          ;                                            ;
; LED[1]                      ; Top       ; Output Port   ; n/a      ;                                            ;
;     -- LED[1]               ; Top       ; Output Pad    ; Unplaced ; Synthesized                                ;
;     -- LED[1]~output        ; Top       ; Output Buffer ; Unplaced ; Synthesized                                ;
;                             ;           ;               ;          ;                                            ;
; LED[2]                      ; Top       ; Output Port   ; n/a      ;                                            ;
;     -- LED[2]               ; Top       ; Output Pad    ; Unplaced ; Synthesized                                ;
;     -- LED[2]~output        ; Top       ; Output Buffer ; Unplaced ; Synthesized                                ;
;                             ;           ;               ;          ;                                            ;
; LED[3]                      ; Top       ; Output Port   ; n/a      ;                                            ;
;     -- LED[3]               ; Top       ; Output Pad    ; Unplaced ; Synthesized                                ;
;     -- LED[3]~output        ; Top       ; Output Buffer ; Unplaced ; Synthesized                                ;
;                             ;           ;               ;          ;                                            ;
; LED[4]                      ; Top       ; Output Port   ; n/a      ;                                            ;
;     -- LED[4]               ; Top       ; Output Pad    ; Unplaced ; Synthesized                                ;
;     -- LED[4]~output        ; Top       ; Output Buffer ; Unplaced ; Synthesized                                ;
;                             ;           ;               ;          ;                                            ;
; LED[5]                      ; Top       ; Output Port   ; n/a      ;                                            ;
;     -- LED[5]               ; Top       ; Output Pad    ; Unplaced ; Synthesized                                ;
;     -- LED[5]~output        ; Top       ; Output Buffer ; Unplaced ; Synthesized                                ;
;                             ;           ;               ;          ;                                            ;
; LED[6]                      ; Top       ; Output Port   ; n/a      ;                                            ;
;     -- LED[6]               ; Top       ; Output Pad    ; Unplaced ; Synthesized                                ;
;     -- LED[6]~output        ; Top       ; Output Buffer ; Unplaced ; Synthesized                                ;
;                             ;           ;               ;          ;                                            ;
; LED[7]                      ; Top       ; Output Port   ; n/a      ;                                            ;
;     -- LED[7]               ; Top       ; Output Pad    ; Unplaced ; Synthesized                                ;
;     -- LED[7]~output        ; Top       ; Output Buffer ; Unplaced ; Synthesized                                ;
;                             ;           ;               ;          ;                                            ;
; SW[0]                       ; Top       ; Input Port    ; n/a      ;                                            ;
;     -- SW[0]                ; Top       ; Input Pad     ; Unplaced ; Synthesized                                ;
;     -- SW[0]~input          ; Top       ; Input Buffer  ; Unplaced ; Synthesized                                ;
;                             ;           ;               ;          ;                                            ;
; SW[1]                       ; Top       ; Input Port    ; n/a      ;                                            ;
;     -- SW[1]                ; Top       ; Input Pad     ; Unplaced ; Synthesized                                ;
;     -- SW[1]~input          ; Top       ; Input Buffer  ; Unplaced ; Synthesized                                ;
;                             ;           ;               ;          ;                                            ;
; SW[2]                       ; Top       ; Input Port    ; n/a      ;                                            ;
;     -- SW[2]                ; Top       ; Input Pad     ; Unplaced ; Synthesized                                ;
;     -- SW[2]~input          ; Top       ; Input Buffer  ; Unplaced ; Synthesized                                ;
;                             ;           ;               ;          ;                                            ;
; SW[3]                       ; Top       ; Input Port    ; n/a      ;                                            ;
;     -- SW[3]                ; Top       ; Input Pad     ; Unplaced ; Synthesized                                ;
;     -- SW[3]~input          ; Top       ; Input Buffer  ; Unplaced ; Synthesized                                ;
;                             ;           ;               ;          ;                                            ;
+-----------------------------+-----------+---------------+----------+--------------------------------------------+


+--------------------------------------------------------------+
; Partition Merge Resource Usage Summary                       ;
+---------------------------------------------+----------------+
; Resource                                    ; Usage          ;
+---------------------------------------------+----------------+
; Estimated Total logic elements              ; 197            ;
;                                             ;                ;
; Total combinational functions               ; 146            ;
; Logic element usage by number of LUT inputs ;                ;
;     -- 4 input functions                    ; 81             ;
;     -- 3 input functions                    ; 24             ;
;     -- <=2 input functions                  ; 41             ;
;                                             ;                ;
; Logic elements by mode                      ;                ;
;     -- normal mode                          ; 113            ;
;     -- arithmetic mode                      ; 33             ;
;                                             ;                ;
; Total registers                             ; 116            ;
;     -- Dedicated logic registers            ; 116            ;
;     -- I/O registers                        ; 0              ;
;                                             ;                ;
; I/O pins                                    ; 84             ;
; Total memory bits                           ; 888            ;
;                                             ;                ;
; Embedded Multiplier 9-bit elements          ; 0              ;
;                                             ;                ;
; Maximum fan-out node                        ; CLOCK_50~input ;
; Maximum fan-out                             ; 140            ;
; Total fan-out                               ; 1122           ;
; Average fan-out                             ; 2.32           ;
+---------------------------------------------+----------------+


+-----------------------------------------------------------------------------------------------------------------------------------------------------------------------------------------------+
; Partition Merge RAM Summary                                                                                                                                                                   ;
+----------------------------------------------------------------------------------------------+------+------+--------------+--------------+--------------+--------------+------+---------------+
; Name                                                                                         ; Type ; Mode ; Port A Depth ; Port A Width ; Port B Depth ; Port B Width ; Size ; MIF           ;
+----------------------------------------------------------------------------------------------+------+------+--------------+--------------+--------------+--------------+------+---------------+
; Main:main|ROM1:rom|altsyncram:altsyncram_component|altsyncram_66a1:auto_generated|ALTSYNCRAM ; AUTO ; ROM  ; 37           ; 24           ; --           ; --           ; 888  ; ROM_Data1.mif ;
+----------------------------------------------------------------------------------------------+------+------+--------------+--------------+--------------+--------------+------+---------------+


+--------------------------+
; Partition Merge Messages ;
+--------------------------+
Info: *******************************************************************
Info: Running Quartus Prime Partition Merge
    Info: Version 16.1.0 Build 196 10/24/2016 SJ Lite Edition
    Info: Processing started: Thu Jun 13 22:22:22 2019
Info: Command: quartus_cdb --read_settings_files=off --write_settings_files=off POV_GLOBE -c POV_GLOBE --merge=on
Warning (18236): Number of processors has not been specified which may cause overloading on shared machines.  Set the global assignment NUM_PARALLEL_PROCESSORS in your QSF to an appropriate value for best performance.
Critical Warning (138067): Current license file does not support incremental compilation. The Quartus Prime software removes all the user-specified design partitions in the design automatically.
Info (35007): Using synthesis netlist for partition "Top"
Info (35002): Resolved and merged 1 partition(s)
Info (16010): Generating hard_block partition "hard_block:auto_generated_inst"
    Info (16011): Adding 0 node(s), including 0 DDIO, 0 PLL, 0 transceiver and 0 LCELL
Critical Warning (138067): Current license file does not support incremental compilation. The Quartus Prime software removes all the user-specified design partitions in the design automatically.
Warning (21074): Design contains 11 input pin(s) that do not drive logic
    Warning (15610): No output dependent on input pin "KEY[1]" File: C:/Users/Jordi Jaspers/Google Drive/UHasselt/3de Aca. Bachelor IIW/System On Chip Design/ALTERA_SOCO_PROJECT/POV_GLOBE.v Line: 15
    Warning (15610): No output dependent on input pin "SW[0]" File: C:/Users/Jordi Jaspers/Google Drive/UHasselt/3de Aca. Bachelor IIW/System On Chip Design/ALTERA_SOCO_PROJECT/POV_GLOBE.v Line: 18
    Warning (15610): No output dependent on input pin "SW[1]" File: C:/Users/Jordi Jaspers/Google Drive/UHasselt/3de Aca. Bachelor IIW/System On Chip Design/ALTERA_SOCO_PROJECT/POV_GLOBE.v Line: 18
    Warning (15610): No output dependent on input pin "SW[2]" File: C:/Users/Jordi Jaspers/Google Drive/UHasselt/3de Aca. Bachelor IIW/System On Chip Design/ALTERA_SOCO_PROJECT/POV_GLOBE.v Line: 18
    Warning (15610): No output dependent on input pin "SW[3]" File: C:/Users/Jordi Jaspers/Google Drive/UHasselt/3de Aca. Bachelor IIW/System On Chip Design/ALTERA_SOCO_PROJECT/POV_GLOBE.v Line: 18
    Warning (15610): No output dependent on input pin "EPCS_DATA0" File: C:/Users/Jordi Jaspers/Google Drive/UHasselt/3de Aca. Bachelor IIW/System On Chip Design/ALTERA_SOCO_PROJECT/POV_GLOBE.v Line: 34
    Warning (15610): No output dependent on input pin "G_SENSOR_INT" File: C:/Users/Jordi Jaspers/Google Drive/UHasselt/3de Aca. Bachelor IIW/System On Chip Design/ALTERA_SOCO_PROJECT/POV_GLOBE.v Line: 40
    Warning (15610): No output dependent on input pin "ADC_SDAT" File: C:/Users/Jordi Jaspers/Google Drive/UHasselt/3de Aca. Bachelor IIW/System On Chip Design/ALTERA_SOCO_PROJECT/POV_GLOBE.v Line: 48
    Warning (15610): No output dependent on input pin "GPIO_2_IN[0]" File: C:/Users/Jordi Jaspers/Google Drive/UHasselt/3de Aca. Bachelor IIW/System On Chip Design/ALTERA_SOCO_PROJECT/POV_GLOBE.v Line: 52
    Warning (15610): No output dependent on input pin "GPIO_2_IN[1]" File: C:/Users/Jordi Jaspers/Google Drive/UHasselt/3de Aca. Bachelor IIW/System On Chip Design/ALTERA_SOCO_PROJECT/POV_GLOBE.v Line: 52
    Warning (15610): No output dependent on input pin "GPIO_2_IN[2]" File: C:/Users/Jordi Jaspers/Google Drive/UHasselt/3de Aca. Bachelor IIW/System On Chip Design/ALTERA_SOCO_PROJECT/POV_GLOBE.v Line: 52
Info (21057): Implemented 305 device resources after synthesis - the final resource count might be different
    Info (21058): Implemented 14 input pins
    Info (21059): Implemented 40 output pins
    Info (21060): Implemented 30 bidirectional pins
    Info (21061): Implemented 197 logic cells
    Info (21064): Implemented 24 RAM segments
Info: Quartus Prime Partition Merge was successful. 0 errors, 15 warnings
    Info: Peak virtual memory: 4702 megabytes
    Info: Processing ended: Thu Jun 13 22:22:23 2019
    Info: Elapsed time: 00:00:01
    Info: Total CPU time (on all processors): 00:00:01


